current working directory is /Users/rwalker/Documents/TT_lab/python/dash_prot_char_v1/silent_tools
current working directory is /Users/rwalker/Documents/TT_lab/python/dash_prot_char_v1/silent_tools
current working directory is /Users/rwalker/Documents/TT_lab/python/dash_prot_char_v1/silent_tools
current working directory is /Users/rwalker/Documents/TT_lab/python/dash_prot_char_v1/silent_tools
current working directory is /Users/rwalker/Documents/TT_lab/python/dash_prot_char_v1/silent_tools
current working directory is still /Users/rwalker/Documents/TT_lab/python/dash_prot_char_v1/silent_tools
current working directory is still still /Users/rwalker/Documents/TT_lab/python/dash_prot_char_v1/silent_tools
current working directory is /Users/rwalker/Documents/TT_lab/python/dash_prot_char_v1/silent_tools
current working directory is still /Users/rwalker/Documents/TT_lab/python/dash_prot_char_v1/silent_tools
current working directory is still still /Users/rwalker/Documents/TT_lab/python/dash_prot_char_v1/silent_tools
current working directory is still still /Users/rwalker/Documents/TT_lab/python/dash_prot_char_v1/silent_tools and we are inside the if statement
current working directory is /Users/rwalker/Documents/TT_lab/python/dash_prot_char_v1/silent_tools
current working directory is still /Users/rwalker/Documents/TT_lab/python/dash_prot_char_v1/silent_tools
current working directory is still still /Users/rwalker/Documents/TT_lab/python/dash_prot_char_v1/silent_tools
current working directory is still still still /Users/rwalker/Documents/TT_lab/python/dash_prot_char_v1/silent_tools
directory is /Users/rwalker/Documents/TT_lab/python/dash_prot_char_v1/silent_tools
current working directory is /Users/rwalker/Documents/TT_lab/python/dash_prot_char_v1/silent_tools
current working directory is still /Users/rwalker/Documents/TT_lab/python/dash_prot_char_v1/silent_tools
current working directory is still still /Users/rwalker/Documents/TT_lab/python/dash_prot_char_v1/silent_tools
current working directory is still still still /Users/rwalker/Documents/TT_lab/python/dash_prot_char_v1/silent_tools
directory is /Users/rwalker/Documents/TT_lab/python/dash_prot_char_v1/silent_tools
current working directory is /Users/rwalker/Documents/TT_lab/python/dash_prot_char_v1/silent_tools
current working directory is still /Users/rwalker/Documents/TT_lab/python/dash_prot_char_v1/silent_tools
current working directory is still still /Users/rwalker/Documents/TT_lab/python/dash_prot_char_v1/silent_tools
current working directory is still still still /Users/rwalker/Documents/TT_lab/python/dash_prot_char_v1/silent_tools
directory is /Users/rwalker/Documents/TT_lab/python/dash_prot_char_v1/silent_tools
current working directory is /Users/rwalker/Documents/TT_lab/python/dash_prot_char_v1/silent_tools
current working directory is still /Users/rwalker/Documents/TT_lab/python/dash_prot_char_v1/silent_tools
current working directory is still still /Users/rwalker/Documents/TT_lab/python/dash_prot_char_v1/silent_tools
current working directory is still still still /Users/rwalker/Documents/TT_lab/python/dash_prot_char_v1/silent_tools
directory is /Users/rwalker/Documents/TT_lab/python/dash_prot_char_v1/silent_tools
current working directory is /Users/rwalker/Documents/TT_lab/python/dash_prot_char_v1/silent_tools
current working directory is still /Users/rwalker/Documents/TT_lab/python/dash_prot_char_v1/silent_tools
current working directory is still still /Users/rwalker/Documents/TT_lab/python/dash_prot_char_v1/silent_tools
current working directory is still still still /Users/rwalker/Documents/TT_lab/python/dash_prot_char_v1/silent_tools
directory is /Users/rwalker/Documents/TT_lab/python/dash_prot_char_v1/silent_tools
current working directory is /Users/rwalker/Documents/TT_lab/python/dash_prot_char_v1/silent_tools
current working directory is still /Users/rwalker/Documents/TT_lab/python/dash_prot_char_v1/silent_tools
current working directory is still still /Users/rwalker/Documents/TT_lab/python/dash_prot_char_v1/silent_tools
current working directory is still still still /Users/rwalker/Documents/TT_lab/python/dash_prot_char_v1/silent_tools
directory is /Users/rwalker/Documents/TT_lab/python/dash_prot_char_v1/silent_tools
current working directory is /Users/rwalker/Documents/TT_lab/python/dash_prot_char_v1/silent_tools
current working directory is still /Users/rwalker/Documents/TT_lab/python/dash_prot_char_v1/silent_tools
current working directory is still still /Users/rwalker/Documents/TT_lab/python/dash_prot_char_v1/silent_tools
current working directory is still still still /Users/rwalker/Documents/TT_lab/python/dash_prot_char_v1/silent_tools
directory is /Users/rwalker/Documents/TT_lab/python/dash_prot_char_v1/silent_tools
current working directory is /Users/rwalker/Documents/TT_lab/python/dash_prot_char_v1/silent_tools
current working directory is still /Users/rwalker/Documents/TT_lab/python/dash_prot_char_v1/silent_tools
current working directory is still still /Users/rwalker/Documents/TT_lab/python/dash_prot_char_v1/silent_tools
current working directory is still still still /Users/rwalker/Documents/TT_lab/python/dash_prot_char_v1/silent_tools
directory is /Users/rwalker/Documents/TT_lab/python/dash_prot_char_v1/silent_tools
current working directory is /Users/rwalker/Documents/TT_lab/python/dash_prot_char_v1/silent_tools
current working directory is still /Users/rwalker/Documents/TT_lab/python/dash_prot_char_v1/silent_tools
current working directory is still still /Users/rwalker/Documents/TT_lab/python/dash_prot_char_v1/silent_tools
current working directory is still still still /Users/rwalker/Documents/TT_lab/python/dash_prot_char_v1/silent_tools
directory is /Users/rwalker/Documents/TT_lab/python/dash_prot_char_v1/silent_tools
